Tue Jul 12 12:56:56 CEST 2005  [debug] AvalonLogSystem initialized using logfile 'velocity.log'
Tue Jul 12 12:56:56 CEST 2005   [info] ************************************************************** 
Tue Jul 12 12:56:56 CEST 2005   [info] Starting Jakarta Velocity v1.4-dev
Tue Jul 12 12:56:56 CEST 2005   [info] RuntimeInstance initializing.
Tue Jul 12 12:56:56 CEST 2005   [info] Default Properties File: org\apache\velocity\runtime\defaults\velocity.properties
Tue Jul 12 12:56:56 CEST 2005   [info] Trying to use logger class org.apache.velocity.runtime.log.AvalonLogSystem
Tue Jul 12 12:56:56 CEST 2005   [info] Using logger class org.apache.velocity.runtime.log.AvalonLogSystem
Tue Jul 12 12:56:56 CEST 2005   [info] Default ResourceManager initializing. (class org.apache.velocity.runtime.resource.ResourceManagerImpl)
Tue Jul 12 12:56:56 CEST 2005   [info] Resource Loader Instantiated: org.apache.velocity.runtime.resource.loader.FileResourceLoader
Tue Jul 12 12:56:56 CEST 2005   [info] FileResourceLoader : initialization starting.
Tue Jul 12 12:56:56 CEST 2005   [info] FileResourceLoader : adding path 'C:\Documents and Settings\fjp\.maven\cache\maven-xdoc-plugin-1.8\plugin-resources/templates'
Tue Jul 12 12:56:56 CEST 2005   [info] FileResourceLoader : initialization complete.
Tue Jul 12 12:56:56 CEST 2005   [info] ResourceCache : initialized. (class org.apache.velocity.runtime.resource.ResourceCacheImpl)
Tue Jul 12 12:56:56 CEST 2005   [info] Default ResourceManager initialization complete.
Tue Jul 12 12:56:56 CEST 2005   [info] Loaded System Directive: org.apache.velocity.runtime.directive.Literal
Tue Jul 12 12:56:56 CEST 2005   [info] Loaded System Directive: org.apache.velocity.runtime.directive.Macro
Tue Jul 12 12:56:56 CEST 2005   [info] Loaded System Directive: org.apache.velocity.runtime.directive.Parse
Tue Jul 12 12:56:56 CEST 2005   [info] Loaded System Directive: org.apache.velocity.runtime.directive.Include
Tue Jul 12 12:56:56 CEST 2005   [info] Loaded System Directive: org.apache.velocity.runtime.directive.Foreach
Tue Jul 12 12:56:56 CEST 2005   [info] Created: 20 parsers.
Tue Jul 12 12:56:56 CEST 2005   [info] Velocimacro : initialization starting.
Tue Jul 12 12:56:56 CEST 2005   [info] Velocimacro : adding VMs from VM library template : VM_global_library.vm
Tue Jul 12 12:56:56 CEST 2005  [error] ResourceManager : unable to find resource 'VM_global_library.vm' in any resource loader.
Tue Jul 12 12:56:56 CEST 2005   [info] Velocimacro : error using  VM library template VM_global_library.vm : org.apache.velocity.exception.ResourceNotFoundException: Unable to find resource 'VM_global_library.vm'
Tue Jul 12 12:56:56 CEST 2005   [info] Velocimacro :  VM library template macro registration complete.
Tue Jul 12 12:56:56 CEST 2005   [info] Velocimacro : allowInline = true : VMs can be defined inline in templates
Tue Jul 12 12:56:56 CEST 2005   [info] Velocimacro : allowInlineToOverride = false : VMs defined inline may NOT replace previous VM definitions
Tue Jul 12 12:56:56 CEST 2005   [info] Velocimacro : allowInlineLocal = false : VMs defined inline will be  global in scope if allowed.
Tue Jul 12 12:56:56 CEST 2005   [info] Velocimacro : messages on  : VM system will output logging messages
Tue Jul 12 12:56:56 CEST 2005   [info] Velocimacro : autoload off  : VM system will not automatically reload global library macros
Tue Jul 12 12:56:56 CEST 2005   [info] Velocimacro : initialization complete.
Tue Jul 12 12:56:56 CEST 2005   [info] Velocity successfully started.
Tue Jul 12 12:56:56 CEST 2005   [info] ResourceManager : found cvs-usage.xml with loader org.apache.velocity.runtime.resource.loader.FileResourceLoader
Tue Jul 12 12:56:56 CEST 2005  [error] RHS of #set statement is null. Context will not be modified. cvs-usage.xml [line 90, column 1]
Tue Jul 12 12:56:56 CEST 2005  [error] Left side ($connscm) of '==' operation has null value. If a reference, it may not be in the context. Operation not possible. cvs-usage.xml [line 91, column 25]
Tue Jul 12 12:56:56 CEST 2005  [error] RHS of #set statement is null. Context will not be modified. cvs-usage.xml [line 142, column 1]
Tue Jul 12 12:56:56 CEST 2005  [error] Left side ($connscm) of '==' operation has null value. If a reference, it may not be in the context. Operation not possible. cvs-usage.xml [line 143, column 25]
Tue Jul 12 12:56:56 CEST 2005   [info] ResourceManager : found index.xml with loader org.apache.velocity.runtime.resource.loader.FileResourceLoader
Tue Jul 12 12:56:56 CEST 2005   [info] ResourceManager : found maven-reports.xml with loader org.apache.velocity.runtime.resource.loader.FileResourceLoader
Tue Jul 12 12:56:57 CEST 2005   [info] ResourceManager : found dependencies.xml with loader org.apache.velocity.runtime.resource.loader.FileResourceLoader
Tue Jul 12 12:56:57 CEST 2005   [info] ResourceManager : found issue-tracking.xml with loader org.apache.velocity.runtime.resource.loader.FileResourceLoader
Tue Jul 12 12:56:57 CEST 2005   [info] Velocimacro : added new VM : #displayLink( label link ) : source = mail-lists.xml
Tue Jul 12 12:56:57 CEST 2005   [info] ResourceManager : found mail-lists.xml with loader org.apache.velocity.runtime.resource.loader.FileResourceLoader
Tue Jul 12 12:56:57 CEST 2005   [info] ResourceManager : found project-info.xml with loader org.apache.velocity.runtime.resource.loader.FileResourceLoader
Tue Jul 12 12:56:57 CEST 2005   [info] ResourceManager : found team-list.xml with loader org.apache.velocity.runtime.resource.loader.FileResourceLoader
